l.pdf(2)= 0.398942
l.lpdf(2)= -0.918939
l.cdf(3.96)= 0.975002
l.cdfc(3.96)= 0.0249979
l.lcdf(3.96)= -3.68896
l.lcdfc(3.96)= -3.68896
l.icdf(0.975)= 3.95996
l.rand()= 0.696729
a=
3.55207 2.16103  2.1929
2.07998 1.62108  2.1474
2.30251 2.13415 1.98443

a=
0.129518 0.129518 0.129518
0.129518 0.129518 0.129518
0.129518 0.129518 0.129518

a=
-2.04394 -2.04394 -2.04394
-2.04394 -2.04394 -2.04394
-2.04394 -2.04394 -2.04394

a=
0.0668072 0.0668072 0.0668072
0.0668072 0.0668072 0.0668072
0.0668072 0.0668072 0.0668072

a=
-0.0691435 -0.0691435 -0.0691435
-0.0691435 -0.0691435 -0.0691435
-0.0691435 -0.0691435 -0.0691435

a=
0.933193 0.933193 0.933193
0.933193 0.933193 0.933193
0.933193 0.933193 0.933193

a=
-0.0691435 -0.0691435 -0.0691435
-0.0691435 -0.0691435 -0.0691435
-0.0691435 -0.0691435 -0.0691435

a=
2 2 2
2 2 2
2 2 2

