Inverse general matrix:
-----------------------
           1 -5.55112e-16 1.77636e-15 8.88178e-16 -4.44089e-16
           0            1 1.77636e-15 8.88178e-16            0
 1.77636e-15  2.22045e-16           1           0  4.44089e-16
           0  3.33067e-16 4.44089e-16           1            0
-5.32907e-15 -1.11022e-15 3.33067e-15 2.10942e-15            1

Inverse upper-symmetric matrix:
-------------------------------
0 1 2 3 4
1 3 4 5 6
2 4 6 7 8
3 5 7 2 3
4 6 8 3 2
           1 -2.89525e-15   1.5099e-14  2.66454e-15 -6.21725e-15
-1.77636e-15            1 -1.77636e-15 -1.77636e-15  1.77636e-15
 2.30926e-14 -2.13198e-15            1 -5.32907e-15  1.06581e-14
-3.10862e-15 -3.86323e-15  2.88658e-15            1  1.77636e-15
-4.44089e-15 -2.39912e-15  2.55351e-15  1.33227e-15            1

Inverse lower-symmetric matrix:
-------------------------------
0  2  2  0  3
2  3  1  3 -1
2  1  6 -1  1
0  3 -1  2  1
3 -1  1  1  2
           1  2.33147e-15 -2.66454e-15  -4.996e-15 -9.99201e-16
 1.84297e-14            1 -1.31561e-14 -2.6007e-14  -1.3739e-15
-7.77156e-15 -8.32667e-15            1 1.35725e-14  2.01228e-15
-3.53051e-14 -2.89768e-14  2.33702e-14           1  3.15026e-15
-5.77316e-15 -1.11022e-15  3.66374e-15 4.05231e-15            1
